{"C:\\Users\\i_rus\\Desktop\\AWS-RETAKE\\lib\\aws-retake-stack.ts": {"path":"C:\\Users\\i_rus\\Desktop\\AWS-RETAKE\\lib\\aws-retake-stack.ts","statementMap":{"0":{"start":{"line":1,"column":0},"end":{"line":1,"column":35}},"1":{"start":{"line":7,"column":4},"end":{"line":7,"column":28}},"2":{"start":{"line":5,"column":0},"end":{"line":5,"column":13}}},"fnMap":{"0":{"name":"(anonymous_6)","decl":{"start":{"line":6,"column":2},"end":{"line":6,"column":14}},"loc":{"start":{"line":6,"column":66},"end":{"line":15,"column":3}}}},"branchMap":{},"s":{"0":1,"1":1,"2":1},"f":{"0":1},"b":{}}
}
