{"C:\\Users\\i_rus\\Desktop\\AWS-RETAKE\\lib\\aws-retake-stack.ts": {"path":"C:\\Users\\i_rus\\Desktop\\AWS-RETAKE\\lib\\aws-retake-stack.ts","statementMap":{"0":{"start":{"line":1,"column":0},"end":{"line":1,"column":35}},"1":{"start":{"line":3,"column":0},"end":{"line":3,"column":42}},"2":{"start":{"line":4,"column":0},"end":{"line":4,"column":75}},"3":{"start":{"line":5,"column":0},"end":{"line":5,"column":78}},"4":{"start":{"line":6,"column":0},"end":{"line":6,"column":61}},"5":{"start":{"line":7,"column":0},"end":{"line":7,"column":47}},"6":{"start":{"line":8,"column":0},"end":{"line":8,"column":34}},"7":{"start":{"line":9,"column":0},"end":{"line":9,"column":76}},"8":{"start":{"line":10,"column":0},"end":{"line":10,"column":71}},"9":{"start":{"line":11,"column":0},"end":{"line":11,"column":53}},"10":{"start":{"line":15,"column":8},"end":{"line":15,"column":32}},"11":{"start":{"line":19,"column":26},"end":{"line":27,"column":10}},"12":{"start":{"line":30,"column":30},"end":{"line":40,"column":10}},"13":{"start":{"line":42,"column":33},"end":{"line":45,"column":10}},"14":{"start":{"line":48,"column":22},"end":{"line":52,"column":10}},"15":{"start":{"line":55,"column":22},"end":{"line":55,"column":60}},"16":{"start":{"line":57,"column":29},"end":{"line":61,"column":10}},"17":{"start":{"line":64,"column":30},"end":{"line":73,"column":10}},"18":{"start":{"line":76,"column":8},"end":{"line":76,"column":48}},"19":{"start":{"line":77,"column":8},"end":{"line":77,"column":42}},"20":{"start":{"line":80,"column":20},"end":{"line":102,"column":10}},"21":{"start":{"line":104,"column":8},"end":{"line":105,"column":84}},"22":{"start":{"line":107,"column":8},"end":{"line":107,"column":60}},"23":{"start":{"line":108,"column":8},"end":{"line":108,"column":52}},"24":{"start":{"line":109,"column":8},"end":{"line":109,"column":null}},"25":{"start":{"line":110,"column":8},"end":{"line":110,"column":null}},"26":{"start":{"line":112,"column":8},"end":{"line":115,"column":11}},"27":{"start":{"line":117,"column":8},"end":{"line":120,"column":11}},"28":{"start":{"line":13,"column":0},"end":{"line":13,"column":13}}},"fnMap":{"0":{"name":"(anonymous_6)","decl":{"start":{"line":14,"column":4},"end":{"line":14,"column":16}},"loc":{"start":{"line":14,"column":68},"end":{"line":122,"column":5}}}},"branchMap":{},"s":{"0":1,"1":1,"2":1,"3":1,"4":1,"5":1,"6":1,"7":1,"8":1,"9":1,"10":1,"11":1,"12":1,"13":1,"14":1,"15":1,"16":1,"17":1,"18":1,"19":1,"20":1,"21":1,"22":1,"23":1,"24":1,"25":1,"26":1,"27":1,"28":1},"f":{"0":1},"b":{}}
}
